<?xml version="1.0" encoding="UTF-8"?>
<!-- Generated by org.testng.reporters.JUnitReportReporter -->
<testsuite hostname="DESKTOP-TDVGPHF" failures="0" tests="1" name="Trello.Assignment1" time="162.816" errors="0" timestamp="21 Feb 2023 10:20:17 GMT">
  <testcase classname="Trello.Assignment1" name="dragCardAndfetchCardCoordinates" time="162.816"/>
</testsuite> <!-- Trello.Assignment1 -->
