<?xml version="1.0" encoding="UTF-8"?>
<!-- Generated by org.testng.reporters.JUnitReportReporter -->
<testsuite hostname="DESKTOP-TDVGPHF" failures="0" tests="1" name="HtmlCanvasMaven.HtmlCanvasMaven.Assignment1" time="72.525" errors="0" timestamp="30 Sep 2021 04:38:11 GMT">
  <testcase classname="HtmlCanvasMaven.HtmlCanvasMaven.Assignment1" name="doAllSteps" time="72.525"/>
</testsuite> <!-- HtmlCanvasMaven.HtmlCanvasMaven.Assignment1 -->
